yarn run v1.22.4
$ vue-cli-service electron:build
 INFO  Bundling render process:

Starting type checking service...
Using 1 worker with 2048MB memory limit
 WARNING  Compiled with 16 warnings1:01:58

 warning  

chunk chunk-vendors [mini-css-extract-plugin]
Conflicting order. Following module has been added:
 * css ./node_modules/css-loader/dist/cjs.js??ref--9-oneOf-3-1!./node_modules/postcss-loader/src??ref--9-oneOf-3-2!./node_modules/sass-loader/dist/cjs.js??ref--9-oneOf-3-3!./node_modules/vuetify/src/components/VGrid/VGrid.sass
despite it was not able to fulfill desired ordering with these modules:
 * css ./node_modules/css-loader/dist/cjs.js??ref--9-oneOf-3-1!./node_modules/postcss-loader/src??ref--9-oneOf-3-2!./node_modules/sass-loader/dist/cjs.js??ref--9-oneOf-3-3!./node_modules/vuetify/src/components/VGrid/_grid.sass
   - couldn't fulfill desired order of chunk group(s) popupIdle, preferences
   - while fulfilling desired order of chunk group(s) index
 * css ./node_modules/css-loader/dist/cjs.js??ref--9-oneOf-3-1!./node_modules/postcss-loader/src??ref--9-oneOf-3-2!./node_modules/sass-loader/dist/cjs.js??ref--9-oneOf-3-3!./node_modules/vuetify/src/components/VApp/VApp.sass
   - couldn't fulfill desired order of chunk group(s) popupIdle, preferences
   - while fulfilling desired order of chunk group(s) index

 warning  

chunk chunk-vendors [mini-css-extract-plugin]
Conflicting order. Following module has been added:
 * css ./node_modules/css-loader/dist/cjs.js??ref--9-oneOf-3-1!./node_modules/postcss-loader/src??ref--9-oneOf-3-2!./node_modules/sass-loader/dist/cjs.js??ref--9-oneOf-3-3!./node_modules/vuetify/src/styles/components/_selection-controls.sass
despite it was not able to fulfill desired ordering with these modules:
 * css ./node_modules/css-loader/dist/cjs.js??ref--9-oneOf-3-1!./node_modules/postcss-loader/src??ref--9-oneOf-3-2!./node_modules/sass-loader/dist/cjs.js??ref--9-oneOf-3-3!./node_modules/vuetify/src/components/VMain/VMain.sass
   - couldn't fulfill desired order of chunk group(s) preferences
   - while fulfilling desired order of chunk group(s) index
 * css ./node_modules/css-loader/dist/cjs.js??ref--9-oneOf-3-1!./node_modules/postcss-loader/src??ref--9-oneOf-3-2!./node_modules/sass-loader/dist/cjs.js??ref--9-oneOf-3-3!./node_modules/vuetify/src/components/VGrid/_grid.sass
   - couldn't fulfill desired order of chunk group(s) preferences
   - while fulfilling desired order of chunk group(s) index
 * css ./node_modules/css-loader/dist/cjs.js??ref--9-oneOf-3-1!./node_modules/postcss-loader/src??ref--9-oneOf-3-2!./node_modules/sass-loader/dist/cjs.js??ref--9-oneOf-3-3!./node_modules/vuetify/src/components/VApp/VApp.sass
   - couldn't fulfill desired order of chunk group(s) preferences
   - while fulfilling desired order of chunk group(s) index
 * css ./node_modules/css-loader/dist/cjs.js??ref--9-oneOf-3-1!./node_modules/postcss-loader/src??ref--9-oneOf-3-2!./node_modules/sass-loader/dist/cjs.js??ref--9-oneOf-3-3!./node_modules/vuetify/src/components/VProgressCircular/VProgressCircular.sass
   - couldn't fulfill desired order of chunk group(s) timeExport
   - while fulfilling desired order of chunk group(s) index, preferences
 * css ./node_modules/css-loader/dist/cjs.js??ref--9-oneOf-3-1!./node_modules/postcss-loader/src??ref--9-oneOf-3-2!./node_modules/sass-loader/dist/cjs.js??ref--9-oneOf-3-3!./node_modules/vuetify/src/directives/ripple/VRipple.sass
   - couldn't fulfill desired order of chunk group(s) timeExport
   - while fulfilling desired order of chunk group(s) index, preferences
 * css ./node_modules/css-loader/dist/cjs.js??ref--9-oneOf-3-1!./node_modules/postcss-loader/src??ref--9-oneOf-3-2!./node_modules/sass-loader/dist/cjs.js??ref--9-oneOf-3-3!./node_modules/vuetify/src/styles/main.sass
   - couldn't fulfill desired order of chunk group(s) timeExport
   - while fulfilling desired order of chunk group(s) index, preferences
 * css ./node_modules/css-loader/dist/cjs.js??ref--9-oneOf-3-1!./node_modules/postcss-loader/src??ref--9-oneOf-3-2!./node_modules/sass-loader/dist/cjs.js??ref--9-oneOf-3-3!./node_modules/vuetify/src/components/VSheet/VSheet.sass
   - couldn't fulfill desired order of chunk group(s) timeExport
   - while fulfilling desired order of chunk group(s) index
 * css ./node_modules/css-loader/dist/cjs.js??ref--9-oneOf-3-1!./node_modules/postcss-loader/src??ref--9-oneOf-3-2!./node_modules/sass-loader/dist/cjs.js??ref--9-oneOf-3-3!./node_modules/vuetify/src/components/VBtn/VBtn.sass
   - couldn't fulfill desired order of chunk group(s) timeExport
   - while fulfilling desired order of chunk group(s) index

 warning  

chunk chunk-vendors [mini-css-extract-plugin]
Conflicting order. Following module has been added:
 * css ./node_modules/css-loader/dist/cjs.js??ref--9-oneOf-3-1!./node_modules/postcss-loader/src??ref--9-oneOf-3-2!./node_modules/sass-loader/dist/cjs.js??ref--9-oneOf-3-3!./node_modules/vuetify/src/components/VSwitch/VSwitch.sass
despite it was not able to fulfill desired ordering with these modules:
 * css ./node_modules/css-loader/dist/cjs.js??ref--9-oneOf-3-1!./node_modules/postcss-loader/src??ref--9-oneOf-3-2!./node_modules/sass-loader/dist/cjs.js??ref--9-oneOf-3-3!./node_modules/vuetify/src/components/VMain/VMain.sass
   - couldn't fulfill desired order of chunk group(s) preferences
   - while fulfilling desired order of chunk group(s) index
 * css ./node_modules/css-loader/dist/cjs.js??ref--9-oneOf-3-1!./node_modules/postcss-loader/src??ref--9-oneOf-3-2!./node_modules/sass-loader/dist/cjs.js??ref--9-oneOf-3-3!./node_modules/vuetify/src/components/VGrid/_grid.sass
   - couldn't fulfill desired order of chunk group(s) preferences
   - while fulfilling desired order of chunk group(s) index
 * css ./node_modules/css-loader/dist/cjs.js??ref--9-oneOf-3-1!./node_modules/postcss-loader/src??ref--9-oneOf-3-2!./node_modules/sass-loader/dist/cjs.js??ref--9-oneOf-3-3!./node_modules/vuetify/src/components/VApp/VApp.sass
   - couldn't fulfill desired order of chunk group(s) preferences
   - while fulfilling desired order of chunk group(s) index
 * css ./node_modules/css-loader/dist/cjs.js??ref--9-oneOf-3-1!./node_modules/postcss-loader/src??ref--9-oneOf-3-2!./node_modules/sass-loader/dist/cjs.js??ref--9-oneOf-3-3!./node_modules/vuetify/src/components/VProgressCircular/VProgressCircular.sass
   - couldn't fulfill desired order of chunk group(s) timeExport
   - while fulfilling desired order of chunk group(s) index, preferences
 * css ./node_modules/css-loader/dist/cjs.js??ref--9-oneOf-3-1!./node_modules/postcss-loader/src??ref--9-oneOf-3-2!./node_modules/sass-loader/dist/cjs.js??ref--9-oneOf-3-3!./node_modules/vuetify/src/directives/ripple/VRipple.sass
   - couldn't fulfill desired order of chunk group(s) timeExport
   - while fulfilling desired order of chunk group(s) index, preferences
 * css ./node_modules/css-loader/dist/cjs.js??ref--9-oneOf-3-1!./node_modules/postcss-loader/src??ref--9-oneOf-3-2!./node_modules/sass-loader/dist/cjs.js??ref--9-oneOf-3-3!./node_modules/vuetify/src/styles/main.sass
   - couldn't fulfill desired order of chunk group(s) timeExport
   - while fulfilling desired order of chunk group(s) index, preferences
 * css ./node_modules/css-loader/dist/cjs.js??ref--9-oneOf-3-1!./node_modules/postcss-loader/src??ref--9-oneOf-3-2!./node_modules/sass-loader/dist/cjs.js??ref--9-oneOf-3-3!./node_modules/vuetify/src/components/VSheet/VSheet.sass
   - couldn't fulfill desired order of chunk group(s) timeExport
   - while fulfilling desired order of chunk group(s) index
 * css ./node_modules/css-loader/dist/cjs.js??ref--9-oneOf-3-1!./node_modules/postcss-loader/src??ref--9-oneOf-3-2!./node_modules/sass-loader/dist/cjs.js??ref--9-oneOf-3-3!./node_modules/vuetify/src/components/VBtn/VBtn.sass
   - couldn't fulfill desired order of chunk group(s) timeExport
   - while fulfilling desired order of chunk group(s) index

 warning  

chunk chunk-vendors [mini-css-extract-plugin]
Conflicting order. Following module has been added:
 * css ./node_modules/css-loader/dist/cjs.js??ref--9-oneOf-3-1!./node_modules/postcss-loader/src??ref--9-oneOf-3-2!./node_modules/sass-loader/dist/cjs.js??ref--9-oneOf-3-3!./node_modules/vuetify/src/components/VInput/VInput.sass
despite it was not able to fulfill desired ordering with these modules:
 * css ./node_modules/css-loader/dist/cjs.js??ref--9-oneOf-3-1!./node_modules/postcss-loader/src??ref--9-oneOf-3-2!./node_modules/sass-loader/dist/cjs.js??ref--9-oneOf-3-3!./node_modules/vuetify/src/components/VMain/VMain.sass
   - couldn't fulfill desired order of chunk group(s) preferences
   - while fulfilling desired order of chunk group(s) index
 * css ./node_modules/css-loader/dist/cjs.js??ref--9-oneOf-3-1!./node_modules/postcss-loader/src??ref--9-oneOf-3-2!./node_modules/sass-loader/dist/cjs.js??ref--9-oneOf-3-3!./node_modules/vuetify/src/components/VGrid/_grid.sass
   - couldn't fulfill desired order of chunk group(s) preferences
   - while fulfilling desired order of chunk group(s) index
 * css ./node_modules/css-loader/dist/cjs.js??ref--9-oneOf-3-1!./node_modules/postcss-loader/src??ref--9-oneOf-3-2!./node_modules/sass-loader/dist/cjs.js??ref--9-oneOf-3-3!./node_modules/vuetify/src/components/VApp/VApp.sass
   - couldn't fulfill desired order of chunk group(s) preferences
   - while fulfilling desired order of chunk group(s) index
 * css ./node_modules/css-loader/dist/cjs.js??ref--9-oneOf-3-1!./node_modules/postcss-loader/src??ref--9-oneOf-3-2!./node_modules/sass-loader/dist/cjs.js??ref--9-oneOf-3-3!./node_modules/vuetify/src/components/VProgressCircular/VProgressCircular.sass
   - couldn't fulfill desired order of chunk group(s) timeExport
   - while fulfilling desired order of chunk group(s) index, preferences
 * css ./node_modules/css-loader/dist/cjs.js??ref--9-oneOf-3-1!./node_modules/postcss-loader/src??ref--9-oneOf-3-2!./node_modules/sass-loader/dist/cjs.js??ref--9-oneOf-3-3!./node_modules/vuetify/src/directives/ripple/VRipple.sass
   - couldn't fulfill desired order of chunk group(s) timeExport
   - while fulfilling desired order of chunk group(s) index, preferences
 * css ./node_modules/css-loader/dist/cjs.js??ref--9-oneOf-3-1!./node_modules/postcss-loader/src??ref--9-oneOf-3-2!./node_modules/sass-loader/dist/cjs.js??ref--9-oneOf-3-3!./node_modules/vuetify/src/styles/main.sass
   - couldn't fulfill desired order of chunk group(s) timeExport
   - while fulfilling desired order of chunk group(s) index, preferences
 * css ./node_modules/css-loader/dist/cjs.js??ref--9-oneOf-3-1!./node_modules/postcss-loader/src??ref--9-oneOf-3-2!./node_modules/sass-loader/dist/cjs.js??ref--9-oneOf-3-3!./node_modules/vuetify/src/components/VSheet/VSheet.sass
   - couldn't fulfill desired order of chunk group(s) timeExport
   - while fulfilling desired order of chunk group(s) index
 * css ./node_modules/css-loader/dist/cjs.js??ref--9-oneOf-3-1!./node_modules/postcss-loader/src??ref--9-oneOf-3-2!./node_modules/sass-loader/dist/cjs.js??ref--9-oneOf-3-3!./node_modules/vuetify/src/components/VBtn/VBtn.sass
   - couldn't fulfill desired order of chunk group(s) timeExport
   - while fulfilling desired order of chunk group(s) index

 warning  

chunk chunk-vendors [mini-css-extract-plugin]
Conflicting order. Following module has been added:
 * css ./node_modules/css-loader/dist/cjs.js??ref--9-oneOf-3-1!./node_modules/postcss-loader/src??ref--9-oneOf-3-2!./node_modules/sass-loader/dist/cjs.js??ref--9-oneOf-3-3!./node_modules/vuetify/src/styles/main.sass
despite it was not able to fulfill desired ordering with these modules:
 * css ./node_modules/css-loader/dist/cjs.js??ref--6-oneOf-3-1!./node_modules/postcss-loader/src??ref--6-oneOf-3-2!./node_modules/@fortawesome/fontawesome-free/css/all.css
   - couldn't fulfill desired order of chunk group(s) popupIdle
   - while fulfilling desired order of chunk group(s) index, preferences, timeExport
 * css ./node_modules/css-loader/dist/cjs.js??ref--9-oneOf-3-1!./node_modules/postcss-loader/src??ref--9-oneOf-3-2!./node_modules/sass-loader/dist/cjs.js??ref--9-oneOf-3-3!./node_modules/vuetify/src/components/VMain/VMain.sass
   - couldn't fulfill desired order of chunk group(s) popupIdle, preferences
   - while fulfilling desired order of chunk group(s) index
 * css ./node_modules/css-loader/dist/cjs.js??ref--9-oneOf-3-1!./node_modules/postcss-loader/src??ref--9-oneOf-3-2!./node_modules/sass-loader/dist/cjs.js??ref--9-oneOf-3-3!./node_modules/vuetify/src/components/VGrid/_grid.sass
   - couldn't fulfill desired order of chunk group(s) popupIdle, preferences
   - while fulfilling desired order of chunk group(s) index
 * css ./node_modules/css-loader/dist/cjs.js??ref--9-oneOf-3-1!./node_modules/postcss-loader/src??ref--9-oneOf-3-2!./node_modules/sass-loader/dist/cjs.js??ref--9-oneOf-3-3!./node_modules/vuetify/src/components/VApp/VApp.sass
   - couldn't fulfill desired order of chunk group(s) popupIdle, preferences
   - while fulfilling desired order of chunk group(s) index
 * css ./node_modules/css-loader/dist/cjs.js??ref--9-oneOf-3-1!./node_modules/postcss-loader/src??ref--9-oneOf-3-2!./node_modules/sass-loader/dist/cjs.js??ref--9-oneOf-3-3!./node_modules/vuetify/src/components/VSheet/VSheet.sass
   - couldn't fulfill desired order of chunk group(s) timeExport
   - while fulfilling desired order of chunk group(s) index
 * css ./node_modules/css-loader/dist/cjs.js??ref--9-oneOf-3-1!./node_modules/postcss-loader/src??ref--9-oneOf-3-2!./node_modules/sass-loader/dist/cjs.js??ref--9-oneOf-3-3!./node_modules/vuetify/src/components/VBtn/VBtn.sass
   - couldn't fulfill desired order of chunk group(s) timeExport
   - while fulfilling desired order of chunk group(s) index

 warning  

chunk chunk-vendors [mini-css-extract-plugin]
Conflicting order. Following module has been added:
 * css ./node_modules/css-loader/dist/cjs.js??ref--9-oneOf-3-1!./node_modules/postcss-loader/src??ref--9-oneOf-3-2!./node_modules/sass-loader/dist/cjs.js??ref--9-oneOf-3-3!./node_modules/vuetify/src/components/VIcon/VIcon.sass
despite it was not able to fulfill desired ordering with these modules:
 * css ./node_modules/css-loader/dist/cjs.js??ref--9-oneOf-3-1!./node_modules/postcss-loader/src??ref--9-oneOf-3-2!./node_modules/sass-loader/dist/cjs.js??ref--9-oneOf-3-3!./node_modules/vuetify/src/components/VMain/VMain.sass
   - couldn't fulfill desired order of chunk group(s) preferences
   - while fulfilling desired order of chunk group(s) index
 * css ./node_modules/css-loader/dist/cjs.js??ref--9-oneOf-3-1!./node_modules/postcss-loader/src??ref--9-oneOf-3-2!./node_modules/sass-loader/dist/cjs.js??ref--9-oneOf-3-3!./node_modules/vuetify/src/components/VGrid/_grid.sass
   - couldn't fulfill desired order of chunk group(s) preferences
   - while fulfilling desired order of chunk group(s) index
 * css ./node_modules/css-loader/dist/cjs.js??ref--9-oneOf-3-1!./node_modules/postcss-loader/src??ref--9-oneOf-3-2!./node_modules/sass-loader/dist/cjs.js??ref--9-oneOf-3-3!./node_modules/vuetify/src/components/VApp/VApp.sass
   - couldn't fulfill desired order of chunk group(s) preferences
   - while fulfilling desired order of chunk group(s) index
 * css ./node_modules/css-loader/dist/cjs.js??ref--9-oneOf-3-1!./node_modules/postcss-loader/src??ref--9-oneOf-3-2!./node_modules/sass-loader/dist/cjs.js??ref--9-oneOf-3-3!./node_modules/vuetify/src/components/VProgressCircular/VProgressCircular.sass
   - couldn't fulfill desired order of chunk group(s) timeExport
   - while fulfilling desired order of chunk group(s) index, preferences
 * css ./node_modules/css-loader/dist/cjs.js??ref--9-oneOf-3-1!./node_modules/postcss-loader/src??ref--9-oneOf-3-2!./node_modules/sass-loader/dist/cjs.js??ref--9-oneOf-3-3!./node_modules/vuetify/src/directives/ripple/VRipple.sass
   - couldn't fulfill desired order of chunk group(s) timeExport
   - while fulfilling desired order of chunk group(s) index, preferences
 * css ./node_modules/css-loader/dist/cjs.js??ref--9-oneOf-3-1!./node_modules/postcss-loader/src??ref--9-oneOf-3-2!./node_modules/sass-loader/dist/cjs.js??ref--9-oneOf-3-3!./node_modules/vuetify/src/components/VSheet/VSheet.sass
   - couldn't fulfill desired order of chunk group(s) timeExport
   - while fulfilling desired order of chunk group(s) index
 * css ./node_modules/css-loader/dist/cjs.js??ref--9-oneOf-3-1!./node_modules/postcss-loader/src??ref--9-oneOf-3-2!./node_modules/sass-loader/dist/cjs.js??ref--9-oneOf-3-3!./node_modules/vuetify/src/components/VBtn/VBtn.sass
   - couldn't fulfill desired order of chunk group(s) timeExport
   - while fulfilling desired order of chunk group(s) index

 warning  

chunk chunk-vendors [mini-css-extract-plugin]
Conflicting order. Following module has been added:
 * css ./node_modules/css-loader/dist/cjs.js??ref--9-oneOf-3-1!./node_modules/postcss-loader/src??ref--9-oneOf-3-2!./node_modules/sass-loader/dist/cjs.js??ref--9-oneOf-3-3!./node_modules/vuetify/src/components/VLabel/VLabel.sass
despite it was not able to fulfill desired ordering with these modules:
 * css ./node_modules/css-loader/dist/cjs.js??ref--9-oneOf-3-1!./node_modules/postcss-loader/src??ref--9-oneOf-3-2!./node_modules/sass-loader/dist/cjs.js??ref--9-oneOf-3-3!./node_modules/vuetify/src/components/VMain/VMain.sass
   - couldn't fulfill desired order of chunk group(s) preferences
   - while fulfilling desired order of chunk group(s) index
 * css ./node_modules/css-loader/dist/cjs.js??ref--9-oneOf-3-1!./node_modules/postcss-loader/src??ref--9-oneOf-3-2!./node_modules/sass-loader/dist/cjs.js??ref--9-oneOf-3-3!./node_modules/vuetify/src/components/VGrid/_grid.sass
   - couldn't fulfill desired order of chunk group(s) preferences
   - while fulfilling desired order of chunk group(s) index
 * css ./node_modules/css-loader/dist/cjs.js??ref--9-oneOf-3-1!./node_modules/postcss-loader/src??ref--9-oneOf-3-2!./node_modules/sass-loader/dist/cjs.js??ref--9-oneOf-3-3!./node_modules/vuetify/src/components/VApp/VApp.sass
   - couldn't fulfill desired order of chunk group(s) preferences
   - while fulfilling desired order of chunk group(s) index
 * css ./node_modules/css-loader/dist/cjs.js??ref--9-oneOf-3-1!./node_modules/postcss-loader/src??ref--9-oneOf-3-2!./node_modules/sass-loader/dist/cjs.js??ref--9-oneOf-3-3!./node_modules/vuetify/src/components/VProgressCircular/VProgressCircular.sass
   - couldn't fulfill desired order of chunk group(s) timeExport
   - while fulfilling desired order of chunk group(s) index, preferences
 * css ./node_modules/css-loader/dist/cjs.js??ref--9-oneOf-3-1!./node_modules/postcss-loader/src??ref--9-oneOf-3-2!./node_modules/sass-loader/dist/cjs.js??ref--9-oneOf-3-3!./node_modules/vuetify/src/directives/ripple/VRipple.sass
   - couldn't fulfill desired order of chunk group(s) timeExport
   - while fulfilling desired order of chunk group(s) index, preferences
 * css ./node_modules/css-loader/dist/cjs.js??ref--9-oneOf-3-1!./node_modules/postcss-loader/src??ref--9-oneOf-3-2!./node_modules/sass-loader/dist/cjs.js??ref--9-oneOf-3-3!./node_modules/vuetify/src/components/VSheet/VSheet.sass
   - couldn't fulfill desired order of chunk group(s) timeExport
   - while fulfilling desired order of chunk group(s) index
 * css ./node_modules/css-loader/dist/cjs.js??ref--9-oneOf-3-1!./node_modules/postcss-loader/src??ref--9-oneOf-3-2!./node_modules/sass-loader/dist/cjs.js??ref--9-oneOf-3-3!./node_modules/vuetify/src/components/VBtn/VBtn.sass
   - couldn't fulfill desired order of chunk group(s) timeExport
   - while fulfilling desired order of chunk group(s) index

 warning  

chunk chunk-vendors [mini-css-extract-plugin]
Conflicting order. Following module has been added:
 * css ./node_modules/css-loader/dist/cjs.js??ref--9-oneOf-3-1!./node_modules/postcss-loader/src??ref--9-oneOf-3-2!./node_modules/sass-loader/dist/cjs.js??ref--9-oneOf-3-3!./node_modules/vuetify/src/components/VBtn/VBtn.sass
despite it was not able to fulfill desired ordering with these modules:
 * css ./node_modules/css-loader/dist/cjs.js??ref--9-oneOf-3-1!./node_modules/postcss-loader/src??ref--9-oneOf-3-2!./node_modules/sass-loader/dist/cjs.js??ref--9-oneOf-3-3!./node_modules/vuetify/src/components/VCounter/VCounter.sass
   - couldn't fulfill desired order of chunk group(s) index
 * css ./node_modules/css-loader/dist/cjs.js??ref--9-oneOf-3-1!./node_modules/postcss-loader/src??ref--9-oneOf-3-2!./node_modules/sass-loader/dist/cjs.js??ref--9-oneOf-3-3!./node_modules/vuetify/src/components/VProgressLinear/VProgressLinear.sass
   - couldn't fulfill desired order of chunk group(s) index
 * css ./node_modules/css-loader/dist/cjs.js??ref--9-oneOf-3-1!./node_modules/postcss-loader/src??ref--9-oneOf-3-2!./node_modules/sass-loader/dist/cjs.js??ref--9-oneOf-3-3!./node_modules/vuetify/src/components/VTextField/VTextField.sass
   - couldn't fulfill desired order of chunk group(s) index
 * css ./node_modules/css-loader/dist/cjs.js??ref--9-oneOf-3-1!./node_modules/postcss-loader/src??ref--9-oneOf-3-2!./node_modules/sass-loader/dist/cjs.js??ref--9-oneOf-3-3!./node_modules/vuetify/src/components/VProgressCircular/VProgressCircular.sass
   - couldn't fulfill desired order of chunk group(s) index
   - while fulfilling desired order of chunk group(s) timeExport
 * css ./node_modules/css-loader/dist/cjs.js??ref--9-oneOf-3-1!./node_modules/postcss-loader/src??ref--9-oneOf-3-2!./node_modules/sass-loader/dist/cjs.js??ref--9-oneOf-3-3!./node_modules/vuetify/src/directives/ripple/VRipple.sass
   - couldn't fulfill desired order of chunk group(s) index
   - while fulfilling desired order of chunk group(s) timeExport
 * css ./node_modules/css-loader/dist/cjs.js??ref--9-oneOf-3-1!./node_modules/postcss-loader/src??ref--9-oneOf-3-2!./node_modules/sass-loader/dist/cjs.js??ref--9-oneOf-3-3!./node_modules/vuetify/src/components/VMessages/VMessages.sass
   - couldn't fulfill desired order of chunk group(s) index
   - while fulfilling desired order of chunk group(s) timeExport

 warning  

chunk chunk-vendors [mini-css-extract-plugin]
Conflicting order. Following module has been added:
 * css ./node_modules/css-loader/dist/cjs.js??ref--9-oneOf-3-1!./node_modules/postcss-loader/src??ref--9-oneOf-3-2!./node_modules/sass-loader/dist/cjs.js??ref--9-oneOf-3-3!./node_modules/vuetify/src/components/VMessages/VMessages.sass
despite it was not able to fulfill desired ordering with these modules:
 * css ./node_modules/css-loader/dist/cjs.js??ref--9-oneOf-3-1!./node_modules/postcss-loader/src??ref--9-oneOf-3-2!./node_modules/sass-loader/dist/cjs.js??ref--9-oneOf-3-3!./node_modules/vuetify/src/components/VMain/VMain.sass
   - couldn't fulfill desired order of chunk group(s) preferences
   - while fulfilling desired order of chunk group(s) index
 * css ./node_modules/css-loader/dist/cjs.js??ref--9-oneOf-3-1!./node_modules/postcss-loader/src??ref--9-oneOf-3-2!./node_modules/sass-loader/dist/cjs.js??ref--9-oneOf-3-3!./node_modules/vuetify/src/components/VGrid/_grid.sass
   - couldn't fulfill desired order of chunk group(s) preferences
   - while fulfilling desired order of chunk group(s) index
 * css ./node_modules/css-loader/dist/cjs.js??ref--9-oneOf-3-1!./node_modules/postcss-loader/src??ref--9-oneOf-3-2!./node_modules/sass-loader/dist/cjs.js??ref--9-oneOf-3-3!./node_modules/vuetify/src/components/VApp/VApp.sass
   - couldn't fulfill desired order of chunk group(s) preferences
   - while fulfilling desired order of chunk group(s) index
 * css ./node_modules/css-loader/dist/cjs.js??ref--9-oneOf-3-1!./node_modules/postcss-loader/src??ref--9-oneOf-3-2!./node_modules/sass-loader/dist/cjs.js??ref--9-oneOf-3-3!./node_modules/vuetify/src/components/VProgressCircular/VProgressCircular.sass
   - couldn't fulfill desired order of chunk group(s) timeExport
   - while fulfilling desired order of chunk group(s) index, preferences
 * css ./node_modules/css-loader/dist/cjs.js??ref--9-oneOf-3-1!./node_modules/postcss-loader/src??ref--9-oneOf-3-2!./node_modules/sass-loader/dist/cjs.js??ref--9-oneOf-3-3!./node_modules/vuetify/src/directives/ripple/VRipple.sass
   - couldn't fulfill desired order of chunk group(s) timeExport
   - while fulfilling desired order of chunk group(s) index, preferences
 * css ./node_modules/css-loader/dist/cjs.js??ref--9-oneOf-3-1!./node_modules/postcss-loader/src??ref--9-oneOf-3-2!./node_modules/sass-loader/dist/cjs.js??ref--9-oneOf-3-3!./node_modules/vuetify/src/components/VSheet/VSheet.sass
   - couldn't fulfill desired order of chunk group(s) timeExport
   - while fulfilling desired order of chunk group(s) index

 warning  

chunk chunk-vendors [mini-css-extract-plugin]
Conflicting order. Following module has been added:
 * css ./node_modules/css-loader/dist/cjs.js??ref--9-oneOf-3-1!./node_modules/postcss-loader/src??ref--9-oneOf-3-2!./node_modules/sass-loader/dist/cjs.js??ref--9-oneOf-3-3!./node_modules/vuetify/src/directives/ripple/VRipple.sass
despite it was not able to fulfill desired ordering with these modules:
 * css ./node_modules/css-loader/dist/cjs.js??ref--9-oneOf-3-1!./node_modules/postcss-loader/src??ref--9-oneOf-3-2!./node_modules/sass-loader/dist/cjs.js??ref--9-oneOf-3-3!./node_modules/vuetify/src/components/VMain/VMain.sass
   - couldn't fulfill desired order of chunk group(s) preferences
   - while fulfilling desired order of chunk group(s) index
 * css ./node_modules/css-loader/dist/cjs.js??ref--9-oneOf-3-1!./node_modules/postcss-loader/src??ref--9-oneOf-3-2!./node_modules/sass-loader/dist/cjs.js??ref--9-oneOf-3-3!./node_modules/vuetify/src/components/VGrid/_grid.sass
   - couldn't fulfill desired order of chunk group(s) preferences
   - while fulfilling desired order of chunk group(s) index
 * css ./node_modules/css-loader/dist/cjs.js??ref--9-oneOf-3-1!./node_modules/postcss-loader/src??ref--9-oneOf-3-2!./node_modules/sass-loader/dist/cjs.js??ref--9-oneOf-3-3!./node_modules/vuetify/src/components/VApp/VApp.sass
   - couldn't fulfill desired order of chunk group(s) preferences
   - while fulfilling desired order of chunk group(s) index
 * css ./node_modules/css-loader/dist/cjs.js??ref--9-oneOf-3-1!./node_modules/postcss-loader/src??ref--9-oneOf-3-2!./node_modules/sass-loader/dist/cjs.js??ref--9-oneOf-3-3!./node_modules/vuetify/src/components/VSheet/VSheet.sass
   - couldn't fulfill desired order of chunk group(s) timeExport
   - while fulfilling desired order of chunk group(s) index

 warning  

chunk chunk-vendors [mini-css-extract-plugin]
Conflicting order. Following module has been added:
 * css ./node_modules/css-loader/dist/cjs.js??ref--9-oneOf-3-1!./node_modules/postcss-loader/src??ref--9-oneOf-3-2!./node_modules/sass-loader/dist/cjs.js??ref--9-oneOf-3-3!./node_modules/vuetify/src/components/VProgressCircular/VProgressCircular.sass
despite it was not able to fulfill desired ordering with these modules:
 * css ./node_modules/css-loader/dist/cjs.js??ref--9-oneOf-3-1!./node_modules/postcss-loader/src??ref--9-oneOf-3-2!./node_modules/sass-loader/dist/cjs.js??ref--9-oneOf-3-3!./node_modules/vuetify/src/components/VMain/VMain.sass
   - couldn't fulfill desired order of chunk group(s) preferences
   - while fulfilling desired order of chunk group(s) index
 * css ./node_modules/css-loader/dist/cjs.js??ref--9-oneOf-3-1!./node_modules/postcss-loader/src??ref--9-oneOf-3-2!./node_modules/sass-loader/dist/cjs.js??ref--9-oneOf-3-3!./node_modules/vuetify/src/components/VGrid/_grid.sass
   - couldn't fulfill desired order of chunk group(s) preferences
   - while fulfilling desired order of chunk group(s) index
 * css ./node_modules/css-loader/dist/cjs.js??ref--9-oneOf-3-1!./node_modules/postcss-loader/src??ref--9-oneOf-3-2!./node_modules/sass-loader/dist/cjs.js??ref--9-oneOf-3-3!./node_modules/vuetify/src/components/VApp/VApp.sass
   - couldn't fulfill desired order of chunk group(s) preferences
   - while fulfilling desired order of chunk group(s) index
 * css ./node_modules/css-loader/dist/cjs.js??ref--9-oneOf-3-1!./node_modules/postcss-loader/src??ref--9-oneOf-3-2!./node_modules/sass-loader/dist/cjs.js??ref--9-oneOf-3-3!./node_modules/vuetify/src/components/VSheet/VSheet.sass
   - couldn't fulfill desired order of chunk group(s) timeExport
   - while fulfilling desired order of chunk group(s) index

 warning  

chunk chunk-vendors [mini-css-extract-plugin]
Conflicting order. Following module has been added:
 * css ./node_modules/css-loader/dist/cjs.js??ref--9-oneOf-3-1!./node_modules/postcss-loader/src??ref--9-oneOf-3-2!./node_modules/sass-loader/dist/cjs.js??ref--9-oneOf-3-3!./node_modules/vuetify/src/components/VTextField/VTextField.sass
despite it was not able to fulfill desired ordering with these modules:
 * css ./node_modules/css-loader/dist/cjs.js??ref--9-oneOf-3-1!./node_modules/postcss-loader/src??ref--9-oneOf-3-2!./node_modules/sass-loader/dist/cjs.js??ref--9-oneOf-3-3!./node_modules/vuetify/src/components/VMain/VMain.sass
   - couldn't fulfill desired order of chunk group(s) preferences
   - while fulfilling desired order of chunk group(s) index
 * css ./node_modules/css-loader/dist/cjs.js??ref--9-oneOf-3-1!./node_modules/postcss-loader/src??ref--9-oneOf-3-2!./node_modules/sass-loader/dist/cjs.js??ref--9-oneOf-3-3!./node_modules/vuetify/src/components/VGrid/_grid.sass
   - couldn't fulfill desired order of chunk group(s) preferences
   - while fulfilling desired order of chunk group(s) index
 * css ./node_modules/css-loader/dist/cjs.js??ref--9-oneOf-3-1!./node_modules/postcss-loader/src??ref--9-oneOf-3-2!./node_modules/sass-loader/dist/cjs.js??ref--9-oneOf-3-3!./node_modules/vuetify/src/components/VApp/VApp.sass
   - couldn't fulfill desired order of chunk group(s) preferences
   - while fulfilling desired order of chunk group(s) index

 warning  

chunk chunk-vendors [mini-css-extract-plugin]
Conflicting order. Following module has been added:
 * css ./node_modules/css-loader/dist/cjs.js??ref--9-oneOf-3-1!./node_modules/postcss-loader/src??ref--9-oneOf-3-2!./node_modules/sass-loader/dist/cjs.js??ref--9-oneOf-3-3!./node_modules/vuetify/src/components/VSheet/VSheet.sass
despite it was not able to fulfill desired ordering with these modules:
 * css ./node_modules/css-loader/dist/cjs.js??ref--9-oneOf-3-1!./node_modules/postcss-loader/src??ref--9-oneOf-3-2!./node_modules/sass-loader/dist/cjs.js??ref--9-oneOf-3-3!./node_modules/vuetify/src/components/VCounter/VCounter.sass
   - couldn't fulfill desired order of chunk group(s) index
 * css ./node_modules/css-loader/dist/cjs.js??ref--9-oneOf-3-1!./node_modules/postcss-loader/src??ref--9-oneOf-3-2!./node_modules/sass-loader/dist/cjs.js??ref--9-oneOf-3-3!./node_modules/vuetify/src/components/VProgressLinear/VProgressLinear.sass
   - couldn't fulfill desired order of chunk group(s) index

 warning  

chunk chunk-vendors [mini-css-extract-plugin]
Conflicting order. Following module has been added:
 * css ./node_modules/css-loader/dist/cjs.js??ref--9-oneOf-3-1!./node_modules/postcss-loader/src??ref--9-oneOf-3-2!./node_modules/sass-loader/dist/cjs.js??ref--9-oneOf-3-3!./node_modules/vuetify/src/components/VProgressLinear/VProgressLinear.sass
despite it was not able to fulfill desired ordering with these modules:
 * css ./node_modules/css-loader/dist/cjs.js??ref--9-oneOf-3-1!./node_modules/postcss-loader/src??ref--9-oneOf-3-2!./node_modules/sass-loader/dist/cjs.js??ref--9-oneOf-3-3!./node_modules/vuetify/src/components/VMain/VMain.sass
   - couldn't fulfill desired order of chunk group(s) preferences
   - while fulfilling desired order of chunk group(s) index
 * css ./node_modules/css-loader/dist/cjs.js??ref--9-oneOf-3-1!./node_modules/postcss-loader/src??ref--9-oneOf-3-2!./node_modules/sass-loader/dist/cjs.js??ref--9-oneOf-3-3!./node_modules/vuetify/src/components/VGrid/_grid.sass
   - couldn't fulfill desired order of chunk group(s) preferences
   - while fulfilling desired order of chunk group(s) index
 * css ./node_modules/css-loader/dist/cjs.js??ref--9-oneOf-3-1!./node_modules/postcss-loader/src??ref--9-oneOf-3-2!./node_modules/sass-loader/dist/cjs.js??ref--9-oneOf-3-3!./node_modules/vuetify/src/components/VApp/VApp.sass
   - couldn't fulfill desired order of chunk group(s) preferences
   - while fulfilling desired order of chunk group(s) index

 warning  

chunk chunk-vendors [mini-css-extract-plugin]
Conflicting order. Following module has been added:
 * css ./node_modules/css-loader/dist/cjs.js??ref--9-oneOf-3-1!./node_modules/postcss-loader/src??ref--9-oneOf-3-2!./node_modules/sass-loader/dist/cjs.js??ref--9-oneOf-3-3!./node_modules/vuetify/src/components/VCounter/VCounter.sass
despite it was not able to fulfill desired ordering with these modules:
 * css ./node_modules/css-loader/dist/cjs.js??ref--9-oneOf-3-1!./node_modules/postcss-loader/src??ref--9-oneOf-3-2!./node_modules/sass-loader/dist/cjs.js??ref--9-oneOf-3-3!./node_modules/vuetify/src/components/VMain/VMain.sass
   - couldn't fulfill desired order of chunk group(s) preferences
   - while fulfilling desired order of chunk group(s) index
 * css ./node_modules/css-loader/dist/cjs.js??ref--9-oneOf-3-1!./node_modules/postcss-loader/src??ref--9-oneOf-3-2!./node_modules/sass-loader/dist/cjs.js??ref--9-oneOf-3-3!./node_modules/vuetify/src/components/VGrid/_grid.sass
   - couldn't fulfill desired order of chunk group(s) preferences
   - while fulfilling desired order of chunk group(s) index
 * css ./node_modules/css-loader/dist/cjs.js??ref--9-oneOf-3-1!./node_modules/postcss-loader/src??ref--9-oneOf-3-2!./node_modules/sass-loader/dist/cjs.js??ref--9-oneOf-3-3!./node_modules/vuetify/src/components/VApp/VApp.sass
   - couldn't fulfill desired order of chunk group(s) preferences
   - while fulfilling desired order of chunk group(s) index

 warning  

chunk chunk-vendors [mini-css-extract-plugin]
Conflicting order. Following module has been added:
 * css ./node_modules/css-loader/dist/cjs.js??ref--9-oneOf-3-1!./node_modules/postcss-loader/src??ref--9-oneOf-3-2!./node_modules/sass-loader/dist/cjs.js??ref--9-oneOf-3-3!./node_modules/vuetify/src/components/VGrid/_grid.sass
despite it was not able to fulfill desired ordering with these modules:
 * css ./node_modules/css-loader/dist/cjs.js??ref--9-oneOf-3-1!./node_modules/postcss-loader/src??ref--9-oneOf-3-2!./node_modules/sass-loader/dist/cjs.js??ref--9-oneOf-3-3!./node_modules/vuetify/src/components/VApp/VApp.sass
   - couldn't fulfill desired order of chunk group(s) popupIdle, preferences
   - while fulfilling desired order of chunk group(s) index

  File                                      Size             Gzipped

  dist_electron\bundled\js\chunk-vendors    1659.96 KiB      552.86 KiB
  .ed9ec662.js
  dist_electron\bundled\js\chunk-common.    357.71 KiB       11.80 KiB
  032a2bd5.js
  dist_electron\bundled\js\index.e9161e0    27.34 KiB        7.72 KiB
  6.js
  dist_electron\bundled\js\preferences.d    4.43 KiB         1.83 KiB
  73d292b.js
  dist_electron\bundled\js\timeExport.04    3.71 KiB         1.72 KiB
  fcf5f6.js
  dist_electron\bundled\js\popupIdle.e6d    3.22 KiB         1.46 KiB
  a2728.js
  dist_electron\bundled\css\chunk-vendor    619.46 KiB       89.99 KiB
  s.d425d81f.css
  dist_electron\bundled\css\index.315980    6.25 KiB         1.57 KiB
  a9.css
  dist_electron\bundled\css\popupIdle.60    0.12 KiB         0.11 KiB
  96bdaf.css
  dist_electron\bundled\css\preferences.    0.12 KiB         0.11 KiB
  ed6e12a1.css
  dist_electron\bundled\css\timeExport.4    0.12 KiB         0.11 KiB
  486b3e3.css

  Images and other types of assets omitted.

 DONE  Build complete. The dist_electron\bundled directory is ready to be deployed.
 INFO  Check out deployment instructions at https://cli.vuejs.org/guide/deployment.html
      
 DONE  Compiled successfully in 1201ms1:01:59

  File                                   Size              Gzipped

  dist_electron\bundled\background.js    300.51 KiB        89.98 KiB

  Images and other types of assets omitted.

 INFO  Building app with electron-builder:
  • electron-builder  version=22.9.1 os=10.0.18363
  • rebuilding native dependencies  dependencies=keytar@6.0.1 platform=win32 arch=x64
  • install prebuilt binary  name=keytar version=6.0.1 platform=win32 arch=x64
  • packaging       platform=win32 arch=x64 electron=9.3.4 appOutDir=dist_electron\win-unpacked
  • building        target=nsis file=dist_electron\my-app-name-val Setup 2.0.0.exe archs=x64 oneClick=true perMachine=false
  • building block map  blockMapFile=dist_electron\my-app-name-val Setup 2.0.0.exe.blockmap
 DONE  Build complete!
Done in 105.42s.
